[2019-03-24 15:46:10.109] [sharedprocess] [info] main {"machineId":"181fb428f6e5db68b64bde6383c05ccdf7a71b964536c1404b80b0a2a4351130"}
[2019-03-24 15:46:11.125] [sharedprocess] [info] Scanned user extensions: 12
[2019-03-24 15:46:11.957] [sharedprocess] [info] Deleted from disk vscjava.vscode-maven /home/anshuman/.vscode/extensions/vscjava.vscode-maven-0.15.1
[2019-03-24 15:46:11.964] [sharedprocess] [info] Deleted from disk vscjava.vscode-java-test /home/anshuman/.vscode/extensions/vscjava.vscode-java-test-0.15.0
[2019-03-24 15:46:11.969] [sharedprocess] [info] Scanned system extensions: 72
[2019-03-24 15:46:11.976] [sharedprocess] [info] Deleted from disk ms-vscode.cpptools /home/anshuman/.vscode/extensions/ms-vscode.cpptools-0.21.0
[2019-03-24 15:46:12.693] [sharedprocess] [info] Scanned user extensions: 12
[2019-03-24 15:46:12.707] [sharedprocess] [info] Scanned system extensions: 72
[2019-03-24 15:46:15.179] [sharedprocess] [info] Scanned user extensions: 12
[2019-03-24 15:46:50.121] [sharedprocess] [info] Starting to clean up unused language packs.
[2019-03-24 15:51:15.219] [sharedprocess] [info] Scanned user extensions: 12
[2019-03-24 15:56:15.253] [sharedprocess] [info] Scanned user extensions: 12
[2019-03-24 16:01:15.298] [sharedprocess] [info] Scanned user extensions: 12
[2019-03-24 16:06:15.333] [sharedprocess] [info] Scanned user extensions: 12
[2019-03-24 16:11:15.371] [sharedprocess] [info] Scanned user extensions: 12
[2019-03-24 16:16:15.403] [sharedprocess] [info] Scanned user extensions: 12
[2019-03-24 16:21:15.438] [sharedprocess] [info] Scanned user extensions: 12
[2019-03-24 16:26:15.470] [sharedprocess] [info] Scanned user extensions: 12
[2019-03-24 16:31:15.504] [sharedprocess] [info] Scanned user extensions: 12
[2019-03-24 16:36:15.537] [sharedprocess] [info] Scanned user extensions: 12
[2019-03-24 16:41:15.572] [sharedprocess] [info] Scanned user extensions: 12
[2019-03-24 16:46:16.566] [sharedprocess] [info] Scanned user extensions: 12
[2019-03-24 16:51:16.608] [sharedprocess] [info] Scanned user extensions: 12
[2019-03-24 16:56:16.633] [sharedprocess] [info] Scanned user extensions: 12
[2019-03-24 17:01:16.662] [sharedprocess] [info] Scanned user extensions: 12
[2019-03-24 17:06:16.700] [sharedprocess] [info] Scanned user extensions: 12
