[2019-03-22 00:36:31.624] [exthost] [info] extension host started
[2019-03-22 00:36:31.692] [exthost] [info] ExtensionService#_doActivateExtension vscode.debug-auto-launch {"startup":true,"activationEvent":"*"}
[2019-03-22 00:36:31.692] [exthost] [info] ExtensionService#loadCommonJSModule /usr/share/code/resources/app/extensions/debug-auto-launch/dist/extension
[2019-03-22 00:36:31.747] [exthost] [info] ExtensionService#_doActivateExtension vscode.emmet {"startup":true,"activationEvent":"*"}
[2019-03-22 00:36:31.747] [exthost] [info] ExtensionService#loadCommonJSModule /usr/share/code/resources/app/extensions/emmet/dist/extension
[2019-03-22 00:36:31.812] [exthost] [info] ExtensionService#_doActivateExtension vscode.git {"startup":true,"activationEvent":"*"}
[2019-03-22 00:36:31.812] [exthost] [info] ExtensionService#loadCommonJSModule /usr/share/code/resources/app/extensions/git/dist/main
[2019-03-22 00:36:32.078] [exthost] [info] ExtensionService#_doActivateExtension vscode.merge-conflict {"startup":true,"activationEvent":"*"}
[2019-03-22 00:36:32.078] [exthost] [info] ExtensionService#loadCommonJSModule /usr/share/code/resources/app/extensions/merge-conflict/dist/extension
[2019-03-22 00:36:32.120] [exthost] [info] ExtensionService#_doActivateExtension esbenp.prettier-vscode {"startup":true,"activationEvent":"*"}
[2019-03-22 00:36:32.120] [exthost] [info] ExtensionService#loadCommonJSModule /home/anshuman/.vscode/extensions/esbenp.prettier-vscode-1.8.1/out/src/extension
[2019-03-22 00:36:33.241] [exthost] [info] ExtensionService#_doActivateExtension PKief.material-icon-theme {"startup":true,"activationEvent":"*"}
[2019-03-22 00:36:33.241] [exthost] [info] ExtensionService#loadCommonJSModule /home/anshuman/.vscode/extensions/pkief.material-icon-theme-3.6.3/out/src/extension
[2019-03-22 00:36:33.440] [exthost] [info] ExtensionService#_doActivateExtension ritwickdey.LiveServer {"startup":true,"activationEvent":"*"}
[2019-03-22 00:36:33.440] [exthost] [info] ExtensionService#loadCommonJSModule /home/anshuman/.vscode/extensions/ritwickdey.liveserver-5.5.1/out/src/extension
[2019-03-22 00:36:36.487] [exthost] [info] ExtensionService#_doActivateExtension vscode.css-language-features {"startup":false,"activationEvent":"onLanguage:css"}
[2019-03-22 00:36:36.487] [exthost] [info] ExtensionService#loadCommonJSModule /usr/share/code/resources/app/extensions/css-language-features/client/dist/cssMain
[2019-03-22 00:36:38.003] [exthost] [info] eager extensions activated
[2019-03-22 00:36:43.604] [exthost] [info] extension host started
[2019-03-22 00:36:43.640] [exthost] [info] ExtensionService#_doActivateExtension vscode.debug-auto-launch {"startup":true,"activationEvent":"*"}
[2019-03-22 00:36:43.640] [exthost] [info] ExtensionService#loadCommonJSModule /usr/share/code/resources/app/extensions/debug-auto-launch/dist/extension
[2019-03-22 00:36:43.647] [exthost] [info] ExtensionService#_doActivateExtension vscode.emmet {"startup":true,"activationEvent":"*"}
[2019-03-22 00:36:43.647] [exthost] [info] ExtensionService#loadCommonJSModule /usr/share/code/resources/app/extensions/emmet/dist/extension
[2019-03-22 00:36:43.666] [exthost] [info] ExtensionService#_doActivateExtension vscode.git {"startup":true,"activationEvent":"*"}
[2019-03-22 00:36:43.666] [exthost] [info] ExtensionService#loadCommonJSModule /usr/share/code/resources/app/extensions/git/dist/main
[2019-03-22 00:36:43.790] [exthost] [info] ExtensionService#_doActivateExtension vscode.merge-conflict {"startup":true,"activationEvent":"*"}
[2019-03-22 00:36:43.790] [exthost] [info] ExtensionService#loadCommonJSModule /usr/share/code/resources/app/extensions/merge-conflict/dist/extension
[2019-03-22 00:36:43.799] [exthost] [info] ExtensionService#_doActivateExtension esbenp.prettier-vscode {"startup":true,"activationEvent":"*"}
[2019-03-22 00:36:43.799] [exthost] [info] ExtensionService#loadCommonJSModule /home/anshuman/.vscode/extensions/esbenp.prettier-vscode-1.8.1/out/src/extension
[2019-03-22 00:36:44.021] [exthost] [info] ExtensionService#_doActivateExtension PKief.material-icon-theme {"startup":true,"activationEvent":"*"}
[2019-03-22 00:36:44.021] [exthost] [info] ExtensionService#loadCommonJSModule /home/anshuman/.vscode/extensions/pkief.material-icon-theme-3.6.3/out/src/extension
[2019-03-22 00:36:44.059] [exthost] [info] ExtensionService#_doActivateExtension ritwickdey.LiveServer {"startup":true,"activationEvent":"*"}
[2019-03-22 00:36:44.059] [exthost] [info] ExtensionService#loadCommonJSModule /home/anshuman/.vscode/extensions/ritwickdey.liveserver-5.5.1/out/src/extension
[2019-03-22 00:36:44.383] [exthost] [info] ExtensionService#_doActivateExtension vscode.css-language-features {"startup":false,"activationEvent":"onLanguage:css"}
[2019-03-22 00:36:44.383] [exthost] [info] ExtensionService#loadCommonJSModule /usr/share/code/resources/app/extensions/css-language-features/client/dist/cssMain
[2019-03-22 00:36:44.761] [exthost] [info] eager extensions activated
[2019-03-22 00:36:54.168] [exthost] [info] ExtensionService#_doActivateExtension vscode.html-language-features {"startup":false,"activationEvent":"onLanguage:html"}
[2019-03-22 00:36:54.168] [exthost] [info] ExtensionService#loadCommonJSModule /usr/share/code/resources/app/extensions/html-language-features/client/dist/htmlMain
[2019-03-22 00:37:11.170] [exthost] [info] ExtensionService#_doActivateExtension vscode.php-language-features {"startup":false,"activationEvent":"onLanguage:php"}
[2019-03-22 00:37:11.170] [exthost] [info] ExtensionService#loadCommonJSModule /usr/share/code/resources/app/extensions/php-language-features/dist/phpMain
