[2019-03-24 17:07:37.768] [exthost] [info] extension host started
[2019-03-24 17:07:37.797] [exthost] [info] ExtensionService#_doActivateExtension vscode.debug-auto-launch {"startup":true,"activationEvent":"*"}
[2019-03-24 17:07:37.797] [exthost] [info] ExtensionService#loadCommonJSModule /usr/share/code/resources/app/extensions/debug-auto-launch/dist/extension
[2019-03-24 17:07:37.801] [exthost] [info] ExtensionService#_doActivateExtension vscode.emmet {"startup":true,"activationEvent":"*"}
[2019-03-24 17:07:37.801] [exthost] [info] ExtensionService#loadCommonJSModule /usr/share/code/resources/app/extensions/emmet/dist/extension
[2019-03-24 17:07:37.826] [exthost] [info] ExtensionService#_doActivateExtension vscode.git {"startup":true,"activationEvent":"*"}
[2019-03-24 17:07:37.826] [exthost] [info] ExtensionService#loadCommonJSModule /usr/share/code/resources/app/extensions/git/dist/main
[2019-03-24 17:07:37.953] [exthost] [info] ExtensionService#_doActivateExtension vscode.merge-conflict {"startup":true,"activationEvent":"*"}
[2019-03-24 17:07:37.953] [exthost] [info] ExtensionService#loadCommonJSModule /usr/share/code/resources/app/extensions/merge-conflict/dist/extension
[2019-03-24 17:07:37.959] [exthost] [info] ExtensionService#_doActivateExtension esbenp.prettier-vscode {"startup":true,"activationEvent":"*"}
[2019-03-24 17:07:37.959] [exthost] [info] ExtensionService#loadCommonJSModule /home/anshuman/.vscode/extensions/esbenp.prettier-vscode-1.8.1/out/src/extension
[2019-03-24 17:07:38.171] [exthost] [info] ExtensionService#_doActivateExtension ms-vscode.cpptools {"startup":true,"activationEvent":"*"}
[2019-03-24 17:07:38.171] [exthost] [info] ExtensionService#loadCommonJSModule /home/anshuman/.vscode/extensions/ms-vscode.cpptools-0.22.1/out/src/main
[2019-03-24 17:07:38.325] [exthost] [info] ExtensionService#_doActivateExtension PKief.material-icon-theme {"startup":true,"activationEvent":"*"}
[2019-03-24 17:07:38.325] [exthost] [info] ExtensionService#loadCommonJSModule /home/anshuman/.vscode/extensions/pkief.material-icon-theme-3.6.3/out/src/extension
[2019-03-24 17:07:38.360] [exthost] [info] ExtensionService#_doActivateExtension ritwickdey.LiveServer {"startup":true,"activationEvent":"*"}
[2019-03-24 17:07:38.360] [exthost] [info] ExtensionService#loadCommonJSModule /home/anshuman/.vscode/extensions/ritwickdey.liveserver-5.5.1/out/src/extension
[2019-03-24 17:07:38.630] [exthost] [info] ExtensionService#_doActivateExtension vscode.php-language-features {"startup":false,"activationEvent":"onLanguage:php"}
[2019-03-24 17:07:38.630] [exthost] [info] ExtensionService#loadCommonJSModule /usr/share/code/resources/app/extensions/php-language-features/dist/phpMain
[2019-03-24 17:07:38.977] [exthost] [info] eager extensions activated
[2019-03-24 17:07:47.045] [exthost] [info] extension host started
[2019-03-24 17:07:47.081] [exthost] [info] ExtensionService#_doActivateExtension vscode.debug-auto-launch {"startup":true,"activationEvent":"*"}
[2019-03-24 17:07:47.081] [exthost] [info] ExtensionService#loadCommonJSModule /usr/share/code/resources/app/extensions/debug-auto-launch/dist/extension
[2019-03-24 17:07:47.088] [exthost] [info] ExtensionService#_doActivateExtension vscode.emmet {"startup":true,"activationEvent":"*"}
[2019-03-24 17:07:47.088] [exthost] [info] ExtensionService#loadCommonJSModule /usr/share/code/resources/app/extensions/emmet/dist/extension
[2019-03-24 17:07:47.123] [exthost] [info] ExtensionService#_doActivateExtension vscode.git {"startup":true,"activationEvent":"*"}
[2019-03-24 17:07:47.123] [exthost] [info] ExtensionService#loadCommonJSModule /usr/share/code/resources/app/extensions/git/dist/main
[2019-03-24 17:07:47.251] [exthost] [info] ExtensionService#_doActivateExtension vscode.merge-conflict {"startup":true,"activationEvent":"*"}
[2019-03-24 17:07:47.251] [exthost] [info] ExtensionService#loadCommonJSModule /usr/share/code/resources/app/extensions/merge-conflict/dist/extension
[2019-03-24 17:07:47.257] [exthost] [info] ExtensionService#_doActivateExtension esbenp.prettier-vscode {"startup":true,"activationEvent":"*"}
[2019-03-24 17:07:47.258] [exthost] [info] ExtensionService#loadCommonJSModule /home/anshuman/.vscode/extensions/esbenp.prettier-vscode-1.8.1/out/src/extension
[2019-03-24 17:07:47.455] [exthost] [info] ExtensionService#_doActivateExtension PKief.material-icon-theme {"startup":true,"activationEvent":"*"}
[2019-03-24 17:07:47.455] [exthost] [info] ExtensionService#loadCommonJSModule /home/anshuman/.vscode/extensions/pkief.material-icon-theme-3.6.3/out/src/extension
[2019-03-24 17:07:47.491] [exthost] [info] ExtensionService#_doActivateExtension ritwickdey.LiveServer {"startup":true,"activationEvent":"*"}
[2019-03-24 17:07:47.491] [exthost] [info] ExtensionService#loadCommonJSModule /home/anshuman/.vscode/extensions/ritwickdey.liveserver-5.5.1/out/src/extension
[2019-03-24 17:07:47.806] [exthost] [info] ExtensionService#_doActivateExtension vscode.php-language-features {"startup":false,"activationEvent":"onLanguage:php"}
[2019-03-24 17:07:47.806] [exthost] [info] ExtensionService#loadCommonJSModule /usr/share/code/resources/app/extensions/php-language-features/dist/phpMain
[2019-03-24 17:07:48.156] [exthost] [info] eager extensions activated
[2019-03-24 17:10:10.266] [exthost] [info] ExtensionService#_doActivateExtension vscode.html-language-features {"startup":false,"activationEvent":"onLanguage:html"}
[2019-03-24 17:10:10.266] [exthost] [info] ExtensionService#loadCommonJSModule /usr/share/code/resources/app/extensions/html-language-features/client/dist/htmlMain
[2019-03-24 18:42:59.393] [exthost] [info] ExtensionService#_doActivateExtension vscode.configuration-editing {"startup":false,"activationEvent":"onLanguage:jsonc"}
[2019-03-24 18:42:59.393] [exthost] [info] ExtensionService#loadCommonJSModule /usr/share/code/resources/app/extensions/configuration-editing/dist/extension
[2019-03-24 18:42:59.514] [exthost] [info] ExtensionService#_doActivateExtension vscode.json-language-features {"startup":false,"activationEvent":"onLanguage:jsonc"}
[2019-03-24 18:42:59.514] [exthost] [info] ExtensionService#loadCommonJSModule /usr/share/code/resources/app/extensions/json-language-features/client/dist/jsonMain
[2019-03-24 18:42:59.642] [exthost] [info] ExtensionService#_doActivateExtension vscode.typescript-language-features {"startup":false,"activationEvent":"onLanguage:jsonc"}
[2019-03-24 18:42:59.642] [exthost] [info] ExtensionService#loadCommonJSModule /usr/share/code/resources/app/extensions/typescript-language-features/dist/extension
