[2019-03-24 15:46:13.909] [exthost] [info] extension host started
[2019-03-24 15:46:13.960] [exthost] [info] ExtensionService#_doActivateExtension vscode.debug-auto-launch {"startup":true,"activationEvent":"*"}
[2019-03-24 15:46:13.960] [exthost] [info] ExtensionService#loadCommonJSModule /usr/share/code/resources/app/extensions/debug-auto-launch/dist/extension
[2019-03-24 15:46:14.083] [exthost] [info] ExtensionService#_doActivateExtension vscode.emmet {"startup":true,"activationEvent":"*"}
[2019-03-24 15:46:14.083] [exthost] [info] ExtensionService#loadCommonJSModule /usr/share/code/resources/app/extensions/emmet/dist/extension
[2019-03-24 15:46:14.191] [exthost] [info] ExtensionService#_doActivateExtension vscode.git {"startup":true,"activationEvent":"*"}
[2019-03-24 15:46:14.191] [exthost] [info] ExtensionService#loadCommonJSModule /usr/share/code/resources/app/extensions/git/dist/main
[2019-03-24 15:46:14.507] [exthost] [info] ExtensionService#_doActivateExtension vscode.merge-conflict {"startup":true,"activationEvent":"*"}
[2019-03-24 15:46:14.507] [exthost] [info] ExtensionService#loadCommonJSModule /usr/share/code/resources/app/extensions/merge-conflict/dist/extension
[2019-03-24 15:46:14.543] [exthost] [info] ExtensionService#_doActivateExtension esbenp.prettier-vscode {"startup":true,"activationEvent":"*"}
[2019-03-24 15:46:14.543] [exthost] [info] ExtensionService#loadCommonJSModule /home/anshuman/.vscode/extensions/esbenp.prettier-vscode-1.8.1/out/src/extension
[2019-03-24 15:46:15.827] [exthost] [info] ExtensionService#_doActivateExtension ms-vscode.cpptools {"startup":true,"activationEvent":"*"}
[2019-03-24 15:46:15.827] [exthost] [info] ExtensionService#loadCommonJSModule /home/anshuman/.vscode/extensions/ms-vscode.cpptools-0.22.1/out/src/main
[2019-03-24 15:46:16.946] [exthost] [info] ExtensionService#_doActivateExtension PKief.material-icon-theme {"startup":true,"activationEvent":"*"}
[2019-03-24 15:46:16.946] [exthost] [info] ExtensionService#loadCommonJSModule /home/anshuman/.vscode/extensions/pkief.material-icon-theme-3.6.3/out/src/extension
[2019-03-24 15:46:17.091] [exthost] [info] ExtensionService#_doActivateExtension ritwickdey.LiveServer {"startup":true,"activationEvent":"*"}
[2019-03-24 15:46:17.091] [exthost] [info] ExtensionService#loadCommonJSModule /home/anshuman/.vscode/extensions/ritwickdey.liveserver-5.5.1/out/src/extension
[2019-03-24 15:46:19.324] [exthost] [info] ExtensionService#_doActivateExtension vscode.php-language-features {"startup":false,"activationEvent":"onLanguage:php"}
[2019-03-24 15:46:19.324] [exthost] [info] ExtensionService#loadCommonJSModule /usr/share/code/resources/app/extensions/php-language-features/dist/phpMain
[2019-03-24 15:46:20.789] [exthost] [info] eager extensions activated
[2019-03-24 15:50:15.200] [exthost] [info] ExtensionService#_doActivateExtension vscode.html-language-features {"startup":false,"activationEvent":"onLanguage:html"}
[2019-03-24 15:50:15.200] [exthost] [info] ExtensionService#loadCommonJSModule /usr/share/code/resources/app/extensions/html-language-features/client/dist/htmlMain
[2019-03-24 16:50:22.051] [exthost] [info] ExtensionService#_doActivateExtension ms-vscode.node-debug2 {"startup":false,"activationEvent":"onDebugInitialConfigurations"}
[2019-03-24 16:50:22.051] [exthost] [info] ExtensionService#loadCommonJSModule /usr/share/code/resources/app/extensions/ms-vscode.node-debug2/out/src/extension
[2019-03-24 16:50:22.088] [exthost] [info] ExtensionService#_doActivateExtension redhat.java {"startup":false,"activationEvent":"onDebugInitialConfigurations"}
[2019-03-24 16:50:22.088] [exthost] [info] ExtensionService#loadCommonJSModule /home/anshuman/.vscode/extensions/redhat.java-0.41.0/dist/extension
[2019-03-24 16:50:31.771] [exthost] [info] ExtensionService#_doActivateExtension ms-vscode.node-debug {"startup":false,"activationEvent":"onDebugInitialConfigurations"}
[2019-03-24 16:50:31.771] [exthost] [info] ExtensionService#loadCommonJSModule /usr/share/code/resources/app/extensions/ms-vscode.node-debug/dist/extension.js
[2019-03-24 16:50:31.821] [exthost] [info] ExtensionService#_doActivateExtension vscjava.vscode-java-debug {"startup":false,"activationEvent":"onDebugInitialConfigurations"}
[2019-03-24 16:50:31.821] [exthost] [info] ExtensionService#loadCommonJSModule /home/anshuman/.vscode/extensions/vscjava.vscode-java-debug-0.17.0/dist/extension
[2019-03-24 16:50:33.168] [exthost] [info] ExtensionService#_doActivateExtension vscode.debug-server-ready {"startup":false,"activationEvent":"onDebugResolve"}
[2019-03-24 16:50:33.168] [exthost] [info] ExtensionService#loadCommonJSModule /usr/share/code/resources/app/extensions/debug-server-ready/dist/extension
