[2019-03-24 17:07:39.270] [sharedprocess] [info] main {"machineId":"181fb428f6e5db68b64bde6383c05ccdf7a71b964536c1404b80b0a2a4351130"}
[2019-03-24 17:07:39.414] [sharedprocess] [info] Scanned user extensions: 12
[2019-03-24 17:07:39.428] [sharedprocess] [info] Scanned user extensions: 12
[2019-03-24 17:07:39.466] [sharedprocess] [info] Scanned system extensions: 72
[2019-03-24 17:07:39.470] [sharedprocess] [info] Scanned system extensions: 72
[2019-03-24 17:07:39.782] [sharedprocess] [info] Scanned user extensions: 12
[2019-03-24 17:07:46.494] [sharedprocess] [info] Scanned user extensions: 12
[2019-03-24 17:07:46.527] [sharedprocess] [info] Scanned system extensions: 72
[2019-03-24 17:07:49.024] [sharedprocess] [info] Scanned user extensions: 12
[2019-03-24 17:08:19.279] [sharedprocess] [info] Starting to clean up unused language packs.
[2019-03-24 17:12:49.047] [sharedprocess] [info] Scanned user extensions: 12
[2019-03-24 17:17:49.087] [sharedprocess] [info] Scanned user extensions: 12
[2019-03-24 17:22:49.126] [sharedprocess] [info] Scanned user extensions: 12
[2019-03-24 17:27:49.161] [sharedprocess] [info] Scanned user extensions: 12
[2019-03-24 17:32:49.203] [sharedprocess] [info] Scanned user extensions: 12
[2019-03-24 17:37:49.232] [sharedprocess] [info] Scanned user extensions: 12
[2019-03-24 17:42:49.280] [sharedprocess] [info] Scanned user extensions: 12
[2019-03-24 17:47:49.316] [sharedprocess] [info] Scanned user extensions: 12
[2019-03-24 17:52:49.827] [sharedprocess] [info] Scanned user extensions: 12
[2019-03-24 17:57:49.862] [sharedprocess] [info] Scanned user extensions: 12
[2019-03-24 18:02:49.898] [sharedprocess] [info] Scanned user extensions: 12
[2019-03-24 18:07:49.926] [sharedprocess] [info] Scanned user extensions: 12
[2019-03-24 18:12:49.959] [sharedprocess] [info] Scanned user extensions: 12
[2019-03-24 18:17:49.991] [sharedprocess] [info] Scanned user extensions: 12
[2019-03-24 18:22:50.023] [sharedprocess] [info] Scanned user extensions: 12
[2019-03-24 18:27:50.056] [sharedprocess] [info] Scanned user extensions: 12
[2019-03-24 18:32:50.091] [sharedprocess] [info] Scanned user extensions: 12
[2019-03-24 18:37:50.139] [sharedprocess] [info] Scanned user extensions: 12
[2019-03-24 18:42:50.167] [sharedprocess] [info] Scanned user extensions: 12
[2019-03-24 18:47:50.203] [sharedprocess] [info] Scanned user extensions: 12
[2019-03-24 18:52:51.468] [sharedprocess] [info] Scanned user extensions: 12
[2019-03-24 18:57:51.499] [sharedprocess] [info] Scanned user extensions: 12
[2019-03-24 19:02:51.530] [sharedprocess] [info] Scanned user extensions: 12
[2019-03-24 19:07:51.564] [sharedprocess] [info] Scanned user extensions: 12
[2019-03-24 19:12:51.591] [sharedprocess] [info] Scanned user extensions: 12
[2019-03-24 19:17:51.622] [sharedprocess] [info] Scanned user extensions: 12
[2019-03-24 19:22:51.662] [sharedprocess] [info] Scanned user extensions: 12
[2019-03-24 19:27:51.695] [sharedprocess] [info] Scanned user extensions: 12
[2019-03-24 19:32:51.728] [sharedprocess] [info] Scanned user extensions: 12
[2019-03-24 19:37:51.768] [sharedprocess] [info] Scanned user extensions: 12
[2019-03-24 19:42:51.801] [sharedprocess] [info] Scanned user extensions: 12
[2019-03-24 19:47:51.842] [sharedprocess] [info] Scanned user extensions: 12
[2019-03-24 19:52:51.877] [sharedprocess] [info] Scanned user extensions: 12
[2019-03-24 19:57:51.910] [sharedprocess] [info] Scanned user extensions: 12
[2019-03-24 20:02:51.934] [sharedprocess] [info] Scanned user extensions: 12
[2019-03-24 20:07:51.967] [sharedprocess] [info] Scanned user extensions: 12
[2019-03-24 20:12:52.955] [sharedprocess] [info] Scanned user extensions: 12
[2019-03-24 20:17:52.990] [sharedprocess] [info] Scanned user extensions: 12
[2019-03-24 20:22:53.025] [sharedprocess] [info] Scanned user extensions: 12
[2019-03-24 20:27:53.063] [sharedprocess] [info] Scanned user extensions: 12
[2019-03-24 20:32:53.098] [sharedprocess] [info] Scanned user extensions: 12
[2019-03-24 20:37:53.139] [sharedprocess] [info] Scanned user extensions: 12
[2019-03-24 20:42:53.172] [sharedprocess] [info] Scanned user extensions: 12
[2019-03-24 20:47:53.204] [sharedprocess] [info] Scanned user extensions: 12
[2019-03-24 20:52:53.237] [sharedprocess] [info] Scanned user extensions: 12
[2019-03-24 20:57:53.271] [sharedprocess] [info] Scanned user extensions: 12
[2019-03-24 21:02:53.305] [sharedprocess] [info] Scanned user extensions: 12
[2019-03-24 21:07:53.334] [sharedprocess] [info] Scanned user extensions: 12
[2019-03-24 21:12:53.802] [sharedprocess] [info] Scanned user extensions: 12
[2019-03-24 21:17:53.839] [sharedprocess] [info] Scanned user extensions: 12
[2019-03-24 21:22:53.870] [sharedprocess] [info] Scanned user extensions: 12
[2019-03-24 21:27:53.904] [sharedprocess] [info] Scanned user extensions: 12
[2019-03-24 21:32:53.939] [sharedprocess] [info] Scanned user extensions: 12
[2019-03-24 21:37:53.973] [sharedprocess] [info] Scanned user extensions: 12
[2019-03-24 21:42:54.008] [sharedprocess] [info] Scanned user extensions: 12
[2019-03-24 21:47:54.048] [sharedprocess] [info] Scanned user extensions: 12
[2019-03-24 21:52:54.080] [sharedprocess] [info] Scanned user extensions: 12
[2019-03-24 21:57:54.114] [sharedprocess] [info] Scanned user extensions: 12
[2019-03-24 22:02:54.146] [sharedprocess] [info] Scanned user extensions: 12
[2019-03-24 22:07:54.181] [sharedprocess] [info] Scanned user extensions: 12
[2019-03-24 22:12:54.214] [sharedprocess] [info] Scanned user extensions: 12
[2019-03-24 22:17:54.254] [sharedprocess] [info] Scanned user extensions: 12
[2019-03-24 22:22:54.287] [sharedprocess] [info] Scanned user extensions: 12
[2019-03-24 22:27:54.331] [sharedprocess] [info] Scanned user extensions: 12
[2019-03-24 22:32:54.364] [sharedprocess] [info] Scanned user extensions: 12
[2019-03-25 00:29:14.639] [sharedprocess] [info] Scanned user extensions: 12
[2019-03-25 00:34:14.678] [sharedprocess] [info] Scanned user extensions: 12
[2019-03-25 00:39:14.709] [sharedprocess] [info] Scanned user extensions: 12
[2019-03-25 00:44:14.749] [sharedprocess] [info] Scanned user extensions: 12
[2019-03-25 00:49:14.789] [sharedprocess] [info] Scanned user extensions: 12
[2019-03-25 00:54:14.823] [sharedprocess] [info] Scanned user extensions: 12
[2019-03-25 00:59:14.867] [sharedprocess] [info] Scanned user extensions: 12
[2019-03-25 01:04:14.900] [sharedprocess] [info] Scanned user extensions: 12
[2019-03-25 01:09:14.935] [sharedprocess] [info] Scanned user extensions: 12
[2019-03-25 10:53:39.420] [sharedprocess] [info] Scanned user extensions: 12
[2019-03-25 10:58:39.441] [sharedprocess] [info] Scanned user extensions: 12
[2019-03-25 11:03:39.469] [sharedprocess] [info] Scanned user extensions: 12
[2019-03-25 11:08:39.503] [sharedprocess] [info] Scanned user extensions: 12
[2019-03-25 11:13:39.546] [sharedprocess] [info] Scanned user extensions: 12
[2019-03-25 11:18:39.585] [sharedprocess] [info] Scanned user extensions: 12
[2019-03-25 11:23:39.615] [sharedprocess] [info] Scanned user extensions: 12
[2019-03-25 11:28:39.647] [sharedprocess] [info] Scanned user extensions: 12
[2019-03-25 11:33:39.682] [sharedprocess] [info] Scanned user extensions: 12
[2019-03-25 11:38:39.718] [sharedprocess] [info] Scanned user extensions: 12
[2019-03-25 11:43:39.756] [sharedprocess] [info] Scanned user extensions: 12
[2019-03-25 11:48:39.792] [sharedprocess] [info] Scanned user extensions: 12
[2019-03-25 11:53:39.831] [sharedprocess] [info] Scanned user extensions: 12
[2019-03-25 11:58:40.370] [sharedprocess] [info] Scanned user extensions: 12
[2019-03-25 12:03:40.402] [sharedprocess] [info] Scanned user extensions: 12
[2019-03-25 12:08:40.437] [sharedprocess] [info] Scanned user extensions: 12
[2019-03-25 12:13:40.471] [sharedprocess] [info] Scanned user extensions: 12
[2019-03-25 12:18:40.508] [sharedprocess] [info] Scanned user extensions: 12
[2019-03-25 12:23:40.543] [sharedprocess] [info] Scanned user extensions: 12
[2019-03-25 12:28:40.576] [sharedprocess] [info] Scanned user extensions: 12
[2019-03-25 12:33:40.614] [sharedprocess] [info] Scanned user extensions: 12
[2019-03-25 12:38:40.649] [sharedprocess] [info] Scanned user extensions: 12
[2019-03-25 12:43:40.683] [sharedprocess] [info] Scanned user extensions: 12
[2019-03-25 12:48:40.716] [sharedprocess] [info] Scanned user extensions: 12
[2019-03-25 12:53:40.751] [sharedprocess] [info] Scanned user extensions: 12
[2019-03-25 12:58:41.227] [sharedprocess] [info] Scanned user extensions: 12
[2019-03-25 13:03:41.255] [sharedprocess] [info] Scanned user extensions: 12
[2019-03-25 13:08:41.283] [sharedprocess] [info] Scanned user extensions: 12
[2019-03-25 13:13:41.312] [sharedprocess] [info] Scanned user extensions: 12
[2019-03-25 13:18:41.342] [sharedprocess] [info] Scanned user extensions: 12
[2019-03-25 13:23:41.372] [sharedprocess] [info] Scanned user extensions: 12
[2019-03-25 13:28:41.412] [sharedprocess] [info] Scanned user extensions: 12
[2019-03-25 13:33:41.448] [sharedprocess] [info] Scanned user extensions: 12
[2019-03-25 13:38:41.486] [sharedprocess] [info] Scanned user extensions: 12
[2019-03-25 13:43:41.521] [sharedprocess] [info] Scanned user extensions: 12
[2019-03-25 13:48:41.554] [sharedprocess] [info] Scanned user extensions: 12
[2019-03-25 13:53:41.593] [sharedprocess] [info] Scanned user extensions: 12
[2019-03-25 13:58:42.178] [sharedprocess] [info] Scanned user extensions: 12
[2019-03-25 14:03:42.216] [sharedprocess] [info] Scanned user extensions: 12
[2019-03-25 14:08:42.254] [sharedprocess] [info] Scanned user extensions: 12
[2019-03-25 14:13:42.288] [sharedprocess] [info] Scanned user extensions: 12
[2019-03-25 14:18:42.324] [sharedprocess] [info] Scanned user extensions: 12
[2019-03-25 14:23:42.363] [sharedprocess] [info] Scanned user extensions: 12
[2019-03-25 14:28:42.397] [sharedprocess] [info] Scanned user extensions: 12
[2019-03-25 14:33:42.430] [sharedprocess] [info] Scanned user extensions: 12
[2019-03-25 14:38:42.467] [sharedprocess] [info] Scanned user extensions: 12
[2019-03-25 14:43:42.503] [sharedprocess] [info] Scanned user extensions: 12
[2019-03-25 14:48:42.537] [sharedprocess] [info] Scanned user extensions: 12
[2019-03-25 14:53:42.574] [sharedprocess] [info] Scanned user extensions: 12
[2019-03-25 14:58:43.195] [sharedprocess] [info] Scanned user extensions: 12
[2019-03-25 15:03:43.226] [sharedprocess] [info] Scanned user extensions: 12
[2019-03-25 15:08:43.262] [sharedprocess] [info] Scanned user extensions: 12
[2019-03-25 15:13:43.295] [sharedprocess] [info] Scanned user extensions: 12
[2019-03-25 15:18:43.327] [sharedprocess] [info] Scanned user extensions: 12
[2019-03-25 15:23:43.361] [sharedprocess] [info] Scanned user extensions: 12
[2019-03-25 15:28:43.394] [sharedprocess] [info] Scanned user extensions: 12
[2019-03-25 15:33:43.421] [sharedprocess] [info] Scanned user extensions: 12
[2019-03-25 15:38:43.460] [sharedprocess] [info] Scanned user extensions: 12
[2019-03-25 15:43:43.494] [sharedprocess] [info] Scanned user extensions: 12
[2019-03-25 15:48:43.638] [sharedprocess] [info] Scanned user extensions: 12
[2019-03-25 15:53:43.675] [sharedprocess] [info] Scanned user extensions: 12
[2019-03-25 15:58:44.559] [sharedprocess] [info] Scanned user extensions: 12
[2019-03-25 16:03:44.590] [sharedprocess] [info] Scanned user extensions: 12
[2019-03-25 16:08:44.630] [sharedprocess] [info] Scanned user extensions: 12
[2019-03-25 16:13:44.662] [sharedprocess] [info] Scanned user extensions: 12
[2019-03-25 16:18:44.699] [sharedprocess] [info] Scanned user extensions: 12
[2019-03-25 16:23:44.734] [sharedprocess] [info] Scanned user extensions: 12
[2019-03-25 16:28:44.766] [sharedprocess] [info] Scanned user extensions: 12
[2019-03-25 16:33:44.799] [sharedprocess] [info] Scanned user extensions: 12
[2019-03-25 16:38:33.437] [sharedprocess] [info] Installing extension: pkief.material-icon-theme
[2019-03-25 16:38:33.454] [sharedprocess] [info] Scanned user extensions: 12
[2019-03-25 16:38:36.041] [sharedprocess] [info] Downloaded extension: pkief.material-icon-theme /tmp/8c345464-8172-42c8-a0db-e897d644121b
[2019-03-25 16:38:36.647] [sharedprocess] [info] Extracted extension to /home/anshuman/.vscode/extensions/.pkief.material-icon-theme-3.7.0: pkief.material-icon-theme
[2019-03-25 16:38:36.647] [sharedprocess] [info] Renamed to /home/anshuman/.vscode/extensions/pkief.material-icon-theme-3.7.0
[2019-03-25 16:38:36.648] [sharedprocess] [info] Installation completed. pkief.material-icon-theme
[2019-03-25 16:38:36.704] [sharedprocess] [info] Extensions installed successfully: pkief.material-icon-theme
[2019-03-25 16:38:44.842] [sharedprocess] [info] Scanned user extensions: 12
[2019-03-25 16:43:44.875] [sharedprocess] [info] Scanned user extensions: 12
[2019-03-25 16:48:44.913] [sharedprocess] [info] Scanned user extensions: 12
[2019-03-25 16:53:44.948] [sharedprocess] [info] Scanned user extensions: 12
[2019-03-25 16:58:50.481] [sharedprocess] [info] Scanned user extensions: 12
[2019-03-25 17:03:50.518] [sharedprocess] [info] Scanned user extensions: 12
[2019-03-25 17:08:50.554] [sharedprocess] [info] Scanned user extensions: 12
[2019-03-25 17:13:50.586] [sharedprocess] [info] Scanned user extensions: 12
[2019-03-25 17:18:50.619] [sharedprocess] [info] Scanned user extensions: 12
[2019-03-25 17:23:50.653] [sharedprocess] [info] Scanned user extensions: 12
[2019-03-25 17:28:50.687] [sharedprocess] [info] Scanned user extensions: 12
[2019-03-25 17:33:50.719] [sharedprocess] [info] Scanned user extensions: 12
[2019-03-25 17:38:50.754] [sharedprocess] [info] Scanned user extensions: 12
[2019-03-25 17:43:50.793] [sharedprocess] [info] Scanned user extensions: 12
[2019-03-25 17:48:50.831] [sharedprocess] [info] Scanned user extensions: 12
[2019-03-25 17:53:50.870] [sharedprocess] [info] Scanned user extensions: 12
[2019-03-25 17:58:50.904] [sharedprocess] [info] Scanned user extensions: 12
[2019-03-25 18:03:50.940] [sharedprocess] [info] Scanned user extensions: 12
[2019-03-25 18:08:50.975] [sharedprocess] [info] Scanned user extensions: 12
[2019-03-25 18:13:51.010] [sharedprocess] [info] Scanned user extensions: 12
[2019-03-25 18:18:51.524] [sharedprocess] [info] Scanned user extensions: 12
[2019-03-25 18:23:51.560] [sharedprocess] [info] Scanned user extensions: 12
[2019-03-25 18:28:51.598] [sharedprocess] [info] Scanned user extensions: 12
[2019-03-25 18:33:51.634] [sharedprocess] [info] Scanned user extensions: 12
[2019-03-25 18:38:51.670] [sharedprocess] [info] Scanned user extensions: 12
[2019-03-25 18:43:51.701] [sharedprocess] [info] Scanned user extensions: 12
[2019-03-25 18:48:51.735] [sharedprocess] [info] Scanned user extensions: 12
[2019-03-25 18:53:51.772] [sharedprocess] [info] Scanned user extensions: 12
[2019-03-25 18:58:51.806] [sharedprocess] [info] Scanned user extensions: 12
[2019-03-25 19:03:51.845] [sharedprocess] [info] Scanned user extensions: 12
[2019-03-25 19:08:51.890] [sharedprocess] [info] Scanned user extensions: 12
[2019-03-25 19:13:51.922] [sharedprocess] [info] Scanned user extensions: 12
[2019-03-25 19:18:51.955] [sharedprocess] [info] Scanned user extensions: 12
[2019-03-25 19:23:51.991] [sharedprocess] [info] Scanned user extensions: 12
[2019-03-25 19:28:52.023] [sharedprocess] [info] Scanned user extensions: 12
[2019-03-25 19:33:52.056] [sharedprocess] [info] Scanned user extensions: 12
[2019-03-25 19:38:52.091] [sharedprocess] [info] Scanned user extensions: 12
[2019-03-25 19:43:52.127] [sharedprocess] [info] Scanned user extensions: 12
[2019-03-25 19:48:52.162] [sharedprocess] [info] Scanned user extensions: 12
[2019-03-25 19:53:52.199] [sharedprocess] [info] Scanned user extensions: 12
[2019-03-25 19:58:52.236] [sharedprocess] [info] Scanned user extensions: 12
[2019-03-25 20:03:52.272] [sharedprocess] [info] Scanned user extensions: 12
[2019-03-25 20:08:52.310] [sharedprocess] [info] Scanned user extensions: 12
[2019-03-25 20:13:52.347] [sharedprocess] [info] Scanned user extensions: 12
[2019-03-25 20:18:52.380] [sharedprocess] [info] Scanned user extensions: 12
[2019-03-25 20:23:52.416] [sharedprocess] [info] Scanned user extensions: 12
[2019-03-25 20:28:52.454] [sharedprocess] [info] Scanned user extensions: 12
[2019-03-25 20:33:52.492] [sharedprocess] [info] Scanned user extensions: 12
[2019-03-25 20:38:52.529] [sharedprocess] [info] Scanned user extensions: 12
[2019-03-25 20:43:52.996] [sharedprocess] [info] Scanned user extensions: 12
[2019-03-25 20:48:53.028] [sharedprocess] [info] Scanned user extensions: 12
[2019-03-25 20:53:53.063] [sharedprocess] [info] Scanned user extensions: 12
[2019-03-25 20:58:53.097] [sharedprocess] [info] Scanned user extensions: 12
[2019-03-25 21:03:53.128] [sharedprocess] [info] Scanned user extensions: 12
[2019-03-25 21:08:53.158] [sharedprocess] [info] Scanned user extensions: 12
[2019-03-25 21:13:53.190] [sharedprocess] [info] Scanned user extensions: 12
[2019-03-25 21:18:53.223] [sharedprocess] [info] Scanned user extensions: 12
[2019-03-25 21:23:53.258] [sharedprocess] [info] Scanned user extensions: 12
[2019-03-25 21:28:53.292] [sharedprocess] [info] Scanned user extensions: 12
[2019-03-25 21:33:53.326] [sharedprocess] [info] Scanned user extensions: 12
[2019-03-25 21:38:53.358] [sharedprocess] [info] Scanned user extensions: 12
[2019-03-25 21:43:53.392] [sharedprocess] [info] Scanned user extensions: 12
[2019-03-25 21:48:53.426] [sharedprocess] [info] Scanned user extensions: 12
[2019-03-25 21:53:53.462] [sharedprocess] [info] Scanned user extensions: 12
[2019-03-25 21:58:53.498] [sharedprocess] [info] Scanned user extensions: 12
[2019-03-25 22:03:53.532] [sharedprocess] [info] Scanned user extensions: 12
[2019-03-25 22:08:53.569] [sharedprocess] [info] Scanned user extensions: 12
[2019-03-25 22:13:53.605] [sharedprocess] [info] Scanned user extensions: 12
[2019-03-25 22:18:53.638] [sharedprocess] [info] Scanned user extensions: 12
[2019-03-25 22:23:53.671] [sharedprocess] [info] Scanned user extensions: 12
[2019-03-25 22:28:53.704] [sharedprocess] [info] Scanned user extensions: 12
[2019-03-25 22:33:53.741] [sharedprocess] [info] Scanned user extensions: 12
[2019-03-25 22:38:53.773] [sharedprocess] [info] Scanned user extensions: 12
[2019-03-25 22:43:53.810] [sharedprocess] [info] Scanned user extensions: 12
[2019-03-25 22:48:59.353] [sharedprocess] [info] Scanned user extensions: 12
[2019-03-25 22:53:59.384] [sharedprocess] [info] Scanned user extensions: 12
[2019-03-25 22:58:59.418] [sharedprocess] [info] Scanned user extensions: 12
[2019-03-25 23:03:59.450] [sharedprocess] [info] Scanned user extensions: 12
[2019-03-25 23:08:59.482] [sharedprocess] [info] Scanned user extensions: 12
[2019-03-25 23:13:59.516] [sharedprocess] [info] Scanned user extensions: 12
[2019-03-25 23:18:59.549] [sharedprocess] [info] Scanned user extensions: 12
[2019-03-25 23:23:59.581] [sharedprocess] [info] Scanned user extensions: 12
[2019-03-25 23:28:59.616] [sharedprocess] [info] Scanned user extensions: 12
[2019-03-25 23:33:59.653] [sharedprocess] [info] Scanned user extensions: 12
[2019-03-25 23:38:59.687] [sharedprocess] [info] Scanned user extensions: 12
[2019-03-25 23:43:59.719] [sharedprocess] [info] Scanned user extensions: 12
[2019-03-25 23:48:59.753] [sharedprocess] [info] Scanned user extensions: 12
[2019-03-25 23:53:59.792] [sharedprocess] [info] Scanned user extensions: 12
[2019-03-25 23:58:59.828] [sharedprocess] [info] Scanned user extensions: 12
[2019-03-26 00:03:59.863] [sharedprocess] [info] Scanned user extensions: 12
[2019-03-26 00:08:59.887] [sharedprocess] [info] Scanned user extensions: 12
[2019-03-26 00:13:59.917] [sharedprocess] [info] Scanned user extensions: 12
[2019-03-26 00:18:59.956] [sharedprocess] [info] Scanned user extensions: 12
[2019-03-26 00:23:59.988] [sharedprocess] [info] Scanned user extensions: 12
[2019-03-26 00:29:00.022] [sharedprocess] [info] Scanned user extensions: 12
[2019-03-26 00:34:00.055] [sharedprocess] [info] Scanned user extensions: 12
[2019-03-26 00:39:00.089] [sharedprocess] [info] Scanned user extensions: 12
[2019-03-26 00:44:00.128] [sharedprocess] [info] Scanned user extensions: 12
[2019-03-26 00:49:00.165] [sharedprocess] [info] Scanned user extensions: 12
[2019-03-26 00:54:00.196] [sharedprocess] [info] Scanned user extensions: 12
[2019-03-26 00:59:00.234] [sharedprocess] [info] Scanned user extensions: 12
[2019-03-26 01:04:00.267] [sharedprocess] [info] Scanned user extensions: 12
[2019-03-26 22:15:38.773] [sharedprocess] [info] Scanned user extensions: 12
[2019-03-26 22:20:39.727] [sharedprocess] [info] Scanned user extensions: 12
[2019-03-26 22:25:39.761] [sharedprocess] [info] Scanned user extensions: 12
[2019-03-26 22:30:39.795] [sharedprocess] [info] Scanned user extensions: 12
[2019-03-26 22:35:39.827] [sharedprocess] [info] Scanned user extensions: 12
[2019-03-26 22:40:39.860] [sharedprocess] [info] Scanned user extensions: 12
[2019-03-26 22:45:39.894] [sharedprocess] [info] Scanned user extensions: 12
[2019-03-26 22:50:39.925] [sharedprocess] [info] Scanned user extensions: 12
[2019-03-26 22:55:39.957] [sharedprocess] [info] Scanned user extensions: 12
[2019-03-26 23:00:39.993] [sharedprocess] [info] Scanned user extensions: 12
[2019-03-26 23:05:40.025] [sharedprocess] [info] Scanned user extensions: 12
[2019-03-26 23:10:40.054] [sharedprocess] [info] Scanned user extensions: 12
[2019-03-26 23:15:40.089] [sharedprocess] [info] Scanned user extensions: 12
[2019-03-26 23:20:41.402] [sharedprocess] [info] Scanned user extensions: 12
[2019-03-26 23:25:41.429] [sharedprocess] [info] Scanned user extensions: 12
[2019-03-26 23:30:41.462] [sharedprocess] [info] Scanned user extensions: 12
[2019-03-26 23:35:41.501] [sharedprocess] [info] Scanned user extensions: 12
[2019-03-27 01:07:18.848] [sharedprocess] [info] Scanned user extensions: 12
[2019-03-27 01:12:18.881] [sharedprocess] [info] Scanned user extensions: 12
[2019-03-27 01:17:18.918] [sharedprocess] [info] Scanned user extensions: 12
[2019-03-27 01:22:18.951] [sharedprocess] [info] Scanned user extensions: 12
[2019-03-27 01:27:18.986] [sharedprocess] [info] Scanned user extensions: 12
[2019-03-27 01:32:19.020] [sharedprocess] [info] Scanned user extensions: 12
[2019-03-27 01:37:19.057] [sharedprocess] [info] Scanned user extensions: 12
[2019-03-27 01:42:19.092] [sharedprocess] [info] Scanned user extensions: 12
[2019-03-27 01:47:19.124] [sharedprocess] [info] Scanned user extensions: 12
[2019-03-27 01:52:19.156] [sharedprocess] [info] Scanned user extensions: 12
[2019-03-27 01:57:19.191] [sharedprocess] [info] Scanned user extensions: 12
[2019-03-27 10:37:42.725] [sharedprocess] [info] Scanned user extensions: 12
[2019-03-27 10:42:42.759] [sharedprocess] [info] Scanned user extensions: 12
[2019-03-27 10:47:42.791] [sharedprocess] [info] Scanned user extensions: 12
[2019-03-27 10:52:42.823] [sharedprocess] [info] Scanned user extensions: 12
[2019-03-27 10:57:42.858] [sharedprocess] [info] Scanned user extensions: 12
[2019-03-27 11:02:42.892] [sharedprocess] [info] Scanned user extensions: 12
[2019-03-27 11:07:42.928] [sharedprocess] [info] Scanned user extensions: 12
